\BOOKMARK [1][-]{section.1}{Charakterystyka bramkowa nMOS}{}% 1
\BOOKMARK [2][-]{subsection.1.1}{Cel zadania}{section.1}% 2
\BOOKMARK [2][-]{subsection.1.2}{Przebieg zadania}{section.1}% 3
\BOOKMARK [2][-]{subsection.1.3}{Wniosek }{section.1}% 4
\BOOKMARK [1][-]{section.2}{Charakterystyka bramkowa pMOS}{}% 5
\BOOKMARK [2][-]{subsection.2.1}{Cel zadania}{section.2}% 6
\BOOKMARK [2][-]{subsection.2.2}{Przebieg zadania}{section.2}% 7
\BOOKMARK [1][-]{section.3}{Charakterystyka drenowa nMOS}{}% 8
\BOOKMARK [1][-]{section.4}{Charakterystyka drenowa pMOS}{}% 9
\BOOKMARK [2][-]{subsection.4.1}{Wnioski}{section.4}% 10
\BOOKMARK [1][-]{section.5}{Tranzystor nMOS jako prze\233acznik}{}% 11
\BOOKMARK [2][-]{subsection.5.1}{Cel zadania}{section.5}% 12
\BOOKMARK [2][-]{subsection.5.2}{Przebieg zadania}{section.5}% 13
\BOOKMARK [2][-]{subsection.5.3}{Wnioski}{section.5}% 14
\BOOKMARK [1][-]{section.6}{Czas za\233aczania tranzystora}{}% 15
\BOOKMARK [2][-]{subsection.6.1}{Cel zadania}{section.6}% 16
\BOOKMARK [2][-]{subsection.6.2}{Przebieg zadania}{section.6}% 17
\BOOKMARK [2][-]{subsection.6.3}{Wnioski}{section.6}% 18
\BOOKMARK [2][-]{subsection.6.4}{Cel zadania}{section.6}% 19
\BOOKMARK [2][-]{subsection.6.5}{Przebieg zadania}{section.6}% 20
